0 info it worked if it ends with ok
1 verbose cli [ '/usr/local/bin/node',
1 verbose cli   '/usr/local/bin/npm',
1 verbose cli   'run-script',
1 verbose cli   'build_linux' ]
2 info using npm@3.10.3
3 info using node@v6.4.0
4 verbose run-script [ 'prebuild_linux', 'build_linux', 'postbuild_linux' ]
5 info lifecycle home_assistant_electron@1.0.0~prebuild_linux: home_assistant_electron@1.0.0
6 silly lifecycle home_assistant_electron@1.0.0~prebuild_linux: no script for prebuild_linux, continuing
7 info lifecycle home_assistant_electron@1.0.0~build_linux: home_assistant_electron@1.0.0
8 verbose lifecycle home_assistant_electron@1.0.0~build_linux: unsafe-perm in lifecycle true
9 verbose lifecycle home_assistant_electron@1.0.0~build_linux: PATH: /usr/local/lib/node_modules/npm/bin/node-gyp-bin:/Users/matthias/Desktop/HomeAssistantElectron/node_modules/.bin:/usr/local/bin:/Users/matthias/.rvm/gems/ruby-2.3.0/bin:/Users/matthias/.rvm/gems/ruby-2.3.0@global/bin:/Users/matthias/.rvm/rubies/ruby-2.3.0/bin:/usr/local/bin:/usr/bin:/bin:/usr/sbin:/sbin:/Library/Frameworks/Mono.framework/Versions/Current/Commands:/Users/matthias/.rvm/bin
10 verbose lifecycle home_assistant_electron@1.0.0~build_linux: CWD: /Users/matthias/Desktop/HomeAssistantElectron
11 silly lifecycle home_assistant_electron@1.0.0~build_linux: Args: [ '-c', 'build -c electron-builder.yml --linux' ]
12 silly lifecycle home_assistant_electron@1.0.0~build_linux: Returned: code: 255  signal: null
13 info lifecycle home_assistant_electron@1.0.0~build_linux: Failed to exec build_linux script
14 verbose stack Error: home_assistant_electron@1.0.0 build_linux: `build -c electron-builder.yml --linux`
14 verbose stack Exit status 255
14 verbose stack     at EventEmitter.<anonymous> (/usr/local/lib/node_modules/npm/lib/utils/lifecycle.js:242:16)
14 verbose stack     at emitTwo (events.js:106:13)
14 verbose stack     at EventEmitter.emit (events.js:191:7)
14 verbose stack     at ChildProcess.<anonymous> (/usr/local/lib/node_modules/npm/lib/utils/spawn.js:40:14)
14 verbose stack     at emitTwo (events.js:106:13)
14 verbose stack     at ChildProcess.emit (events.js:191:7)
14 verbose stack     at maybeClose (internal/child_process.js:852:16)
14 verbose stack     at Process.ChildProcess._handle.onexit (internal/child_process.js:215:5)
15 verbose pkgid home_assistant_electron@1.0.0
16 verbose cwd /Users/matthias/Desktop/HomeAssistantElectron
17 error Darwin 15.6.0
18 error argv "/usr/local/bin/node" "/usr/local/bin/npm" "run-script" "build_linux"
19 error node v6.4.0
20 error npm  v3.10.3
21 error code ELIFECYCLE
22 error home_assistant_electron@1.0.0 build_linux: `build -c electron-builder.yml --linux`
22 error Exit status 255
23 error Failed at the home_assistant_electron@1.0.0 build_linux script 'build -c electron-builder.yml --linux'.
23 error Make sure you have the latest version of node.js and npm installed.
23 error If you do, this is most likely a problem with the home_assistant_electron package,
23 error not with npm itself.
23 error Tell the author that this fails on your system:
23 error     build -c electron-builder.yml --linux
23 error You can get information on how to open an issue for this project with:
23 error     npm bugs home_assistant_electron
23 error Or if that isn't available, you can get their info via:
23 error     npm owner ls home_assistant_electron
23 error There is likely additional logging output above.
24 verbose exit [ 1, true ]
